<?xml version='1.0' encoding='UTF-8'?>
<testsuite hostname="savely" name="democracy.MajorityJudgementSuite" tests="9" errors="0" failures="0" skipped="0" time="0.365" timestamp="2022-01-05T19:57:39">
                     <properties>
      <property name="jline.esc.timeout" value="0"/><property name="java.runtime.name" value="OpenJDK Runtime Environment"/><property name="coursier.main.arg-0" value="-Dsbt.supershell=false"/><property name="sun.boot.library.path" value="/nix/store/xvh4jixnzxxp0c4p6nszj0298qnkackf-openjdk-8u272-b10/lib/openjdk/jre/lib/amd64"/><property name="java.vm.version" value="25.272-b10"/><property name="jline.terminal" value="none"/><property name="java.vm.vendor" value="Oracle Corporation"/><property name="java.vendor.url" value="http://java.oracle.com/"/><property name="path.separator" value=":"/><property name="jna.loaded" value="true"/><property name="java.vm.name" value="OpenJDK 64-Bit Server VM"/><property name="file.encoding.pkg" value="sun.io"/><property name="user.country" value="US"/><property name="sun.java.launcher" value="SUN_STANDARD"/><property name="sun.os.patch.level" value="unknown"/><property name="jna.nosys" value="true"/><property name="java.vm.specification.name" value="Java Virtual Machine Specification"/><property name="user.dir" value="/home/savely/scala-miscellanea/democracy"/><property name="java.runtime.version" value="1.8.0_272-b10"/><property name="java.awt.graphicsenv" value="sun.awt.X11GraphicsEnvironment"/><property name="java.endorsed.dirs" value="/nix/store/xvh4jixnzxxp0c4p6nszj0298qnkackf-openjdk-8u272-b10/lib/openjdk/jre/lib/endorsed"/><property name="os.arch" value="amd64"/><property name="java.io.tmpdir" value="/tmp"/><property name="line.separator" value="
"/><property name="java.vm.specification.vendor" value="Oracle Corporation"/><property name="log4j.ignoreTCL" value="true"/><property name="os.name" value="Linux"/><property name="sun.jnu.encoding" value="UTF-8"/><property name="jnidispatch.path" value="/home/savely/.cache/JNA/temp/jna1939875049226142493.tmp"/><property name="java.library.path" value="/usr/java/packages/lib/amd64:/usr/lib64:/lib64:/lib:/usr/lib"/><property name="java.specification.name" value="Java Platform API Specification"/><property name="java.class.version" value="52.0"/><property name="sun.management.compiler" value="HotSpot 64-Bit Tiered Compilers"/><property name="os.version" value="5.10.79"/><property name="coursier.mainJar" value="/home/savely/.local/share/coursier/bin/sbt"/><property name="swoval.tmpdir" value="/home/savely/.sbt/1.0"/><property name="user.home" value="/home/savely"/><property name="user.timezone" value="Europe/Moscow"/><property name="java.awt.printerjob" value="sun.print.PSPrinterJob"/><property name="file.encoding" value="UTF-8"/><property name="java.specification.version" value="1.8"/><property name="java.class.path" value="/home/savely/.local/share/coursier/bin/sbt:/home/savely/.cache/coursier/v1/https/repo1.maven.org/maven2/io/get-coursier/sbt/sbt-runner/0.2.0/sbt-runner-0.2.0.jar:/home/savely/.cache/coursier/v1/https/repo1.maven.org/maven2/org/scala-sbt/sbt-launch/1.6.1/sbt-launch-1.6.1.jar"/><property name="user.name" value="savely"/><property name="jline.shutdownhook" value="false"/><property name="java.vm.specification.version" value="1.8"/><property name="sun.java.command" value="/home/savely/.local/share/coursier/bin/sbt -Dsbt.supershell=false"/><property name="java.home" value="/nix/store/xvh4jixnzxxp0c4p6nszj0298qnkackf-openjdk-8u272-b10/lib/openjdk/jre"/><property name="sun.arch.data.model" value="64"/><property name="user.language" value="en"/><property name="java.specification.vendor" value="Oracle Corporation"/><property name="awt.toolkit" value="sun.awt.X11.XToolkit"/><property name="java.vm.info" value="mixed mode"/><property name="bootstrap.mainClass" value="xsbt.boot.Boot"/><property name="java.version" value="1.8.0_272"/><property name="sbt-launch.version" value="1.6.1"/><property name="java.ext.dirs" value="/nix/store/xvh4jixnzxxp0c4p6nszj0298qnkackf-openjdk-8u272-b10/lib/openjdk/jre/lib/ext:/usr/java/packages/lib/ext"/><property name="sun.boot.class.path" value="/nix/store/xvh4jixnzxxp0c4p6nszj0298qnkackf-openjdk-8u272-b10/lib/openjdk/jre/lib/resources.jar:/nix/store/xvh4jixnzxxp0c4p6nszj0298qnkackf-openjdk-8u272-b10/lib/openjdk/jre/lib/rt.jar:/nix/store/xvh4jixnzxxp0c4p6nszj0298qnkackf-openjdk-8u272-b10/lib/openjdk/jre/lib/sunrsasign.jar:/nix/store/xvh4jixnzxxp0c4p6nszj0298qnkackf-openjdk-8u272-b10/lib/openjdk/jre/lib/jsse.jar:/nix/store/xvh4jixnzxxp0c4p6nszj0298qnkackf-openjdk-8u272-b10/lib/openjdk/jre/lib/jce.jar:/nix/store/xvh4jixnzxxp0c4p6nszj0298qnkackf-openjdk-8u272-b10/lib/openjdk/jre/lib/charsets.jar:/nix/store/xvh4jixnzxxp0c4p6nszj0298qnkackf-openjdk-8u272-b10/lib/openjdk/jre/lib/jfr.jar:/nix/store/xvh4jixnzxxp0c4p6nszj0298qnkackf-openjdk-8u272-b10/lib/openjdk/jre/classes"/><property name="java.vendor" value="Oracle Corporation"/><property name="file.separator" value="/"/><property name="java.vendor.url.bug" value="http://bugreport.sun.com/bugreport/"/><property name="sbt.supershell" value="false"/><property name="sun.io.unicode.encoding" value="UnicodeLittle"/><property name="sun.cpu.endian" value="little"/><property name="sun.cpu.isalist" value=""/>
    </properties>
                     <testcase classname="democracy.MajorityJudgementSuite" name="The median of an empty collection is undefined" time="0.062">
                                                 
                                               </testcase><testcase classname="democracy.MajorityJudgementSuite" name="The median of a collection with a single element should be that element" time="0.005">
                                                 
                                               </testcase><testcase classname="democracy.MajorityJudgementSuite" name="The median of a collection with two elements can be any of those two elements" time="0.006">
                                                 
                                               </testcase><testcase classname="democracy.MajorityJudgementSuite" name="The first (resp. second) half of a sorted collection should be lower (resp. higher) than the median grade" time="0.038">
                                                 
                                               </testcase><testcase classname="democracy.MajorityJudgementSuite" name="A median value minimizes the arithmetic mean of the absolute deviations of a collection" time="0.03">
                                                 
                                               </testcase><testcase classname="democracy.MajorityJudgementSuite" name="The winner is the candidate that received an absolute majority of the highest grades given by all the voters" time="0.21">
                                                 
                                               </testcase><testcase classname="democracy.MajorityJudgementSuite" name="full scenario with no tie-break" time="0.002">
                                                 
                                               </testcase><testcase classname="democracy.MajorityJudgementSuite" name="full scenario with a tie-break" time="0.006">
                                                 
                                               </testcase><testcase classname="democracy.MajorityJudgementSuite" name="full scenario with a tie-break and the same grades for cooking and hiking" time="0.006">
                                                 
                                               </testcase>
                     <system-out><![CDATA[]]></system-out>
                     <system-err><![CDATA[]]></system-err>
                   </testsuite>