<?xml version='1.0' encoding='UTF-8'?>
<testsuite hostname="savely" name="todo.TodoSuite" tests="14" errors="0" failures="0" skipped="0" time="0.357" timestamp="2022-01-07T13:51:35">
          <properties>
      <property name="java.specification.version" value="17"/><property name="sun.jnu.encoding" value="UTF-8"/><property name="sun.arch.data.model" value="64"/><property name="bootstrap.mainClass" value="xsbt.boot.Boot"/><property name="sbt.supershell" value="false"/><property name="java.vendor.url" value="https://openjdk.java.net/"/><property name="jline.terminal" value="none"/><property name="sun.boot.library.path" value="/nix/store/bzw0zpgsvrwqp7v2c9flakzd2jvbavaf-openjdk-17.0.1+12/lib/openjdk/lib"/><property name="sun.java.command" value="/home/savely/.local/share/coursier/bin/sbt -Dsbt.supershell=false"/><property name="jdk.debug" value="release"/><property name="sun.stderr.encoding" value="UTF-8"/><property name="java.specification.vendor" value="Oracle Corporation"/><property name="java.version.date" value="2021-10-19"/><property name="java.home" value="/nix/store/bzw0zpgsvrwqp7v2c9flakzd2jvbavaf-openjdk-17.0.1+12/lib/openjdk"/><property name="file.separator" value="/"/><property name="java.vm.compressedOopsMode" value="32-bit"/><property name="line.separator" value="
"/><property name="sun.stdout.encoding" value="UTF-8"/><property name="java.vm.specification.vendor" value="Oracle Corporation"/><property name="java.specification.name" value="Java Platform API Specification"/><property name="sun.management.compiler" value="HotSpot 64-Bit Tiered Compilers"/><property name="java.runtime.version" value="17.0.1+12-nixos"/><property name="user.name" value="savely"/><property name="log4j.ignoreTCL" value="true"/><property name="file.encoding" value="UTF-8"/><property name="jnidispatch.path" value="/home/savely/.cache/JNA/temp/jna5478779801977810309.tmp"/><property name="jna.loaded" value="true"/><property name="java.io.tmpdir" value="/tmp"/><property name="java.version" value="17.0.1"/><property name="java.vm.specification.name" value="Java Virtual Machine Specification"/><property name="native.encoding" value="UTF-8"/><property name="java.library.path" value="/usr/java/packages/lib:/usr/lib64:/lib64:/lib:/usr/lib"/><property name="java.vendor" value="N/A"/><property name="sun.io.unicode.encoding" value="UnicodeLittle"/><property name="java.class.path" value="/home/savely/.local/share/coursier/bin/sbt:/home/savely/.cache/coursier/v1/https/repo1.maven.org/maven2/io/get-coursier/sbt/sbt-runner/0.2.0/sbt-runner-0.2.0.jar:/home/savely/.cache/coursier/v1/https/repo1.maven.org/maven2/org/scala-sbt/sbt-launch/1.6.1/sbt-launch-1.6.1.jar"/><property name="java.vm.vendor" value="Oracle Corporation"/><property name="coursier.mainJar" value="/home/savely/.local/share/coursier/bin/sbt"/><property name="jline.shutdownhook" value="false"/><property name="user.timezone" value="Europe/Moscow"/><property name="coursier.main.arg-0" value="-Dsbt.supershell=false"/><property name="java.vm.specification.version" value="17"/><property name="os.name" value="Linux"/><property name="sun.java.launcher" value="SUN_STANDARD"/><property name="user.country" value="US"/><property name="sun.cpu.endian" value="little"/><property name="user.home" value="/home/savely"/><property name="user.language" value="en"/><property name="swoval.tmpdir" value="/home/savely/.sbt/1.0"/><property name="jline.esc.timeout" value="0"/><property name="path.separator" value=":"/><property name="os.version" value="5.10.79"/><property name="jna.nosys" value="true"/><property name="java.runtime.name" value="OpenJDK Runtime Environment"/><property name="java.vm.name" value="OpenJDK 64-Bit Server VM"/><property name="java.vendor.url.bug" value="https://bugreport.java.com/bugreport/"/><property name="sbt-launch.version" value="1.6.1"/><property name="user.dir" value="/home/savely/todo"/><property name="os.arch" value="amd64"/><property name="java.vm.info" value="mixed mode, sharing"/><property name="java.vm.version" value="17.0.1+12-nixos"/><property name="java.class.version" value="61.0"/>
    </properties>
          <testcase classname="todo.TodoSuite" name="Created tasks can be read" time="0.057">
                      
                    </testcase><testcase classname="todo.TodoSuite" name="Updated tasks can be read" time="0.003">
                      
                    </testcase><testcase classname="todo.TodoSuite" name="Deleted tasks are no longer read" time="0.006">
                      
                    </testcase><testcase classname="todo.TodoSuite" name="Tasks returns all inserted tasks in insertion order" time="0.006">
                      
                    </testcase><testcase classname="todo.TodoSuite" name="Tasks(tag) returns only tasks with given tag" time="0.003">
                      
                    </testcase><testcase classname="todo.TodoSuite" name="complete changes state to completed, if task is not already completed" time="0.003">
                      
                    </testcase><testcase classname="todo.TodoSuite" name="tags returns all tags" time="0.007">
                      
                    </testcase><testcase classname="todo.TodoSuite" name="Created tasks can be read-1" time="0.178">
                      
                    </testcase><testcase classname="todo.TodoSuite" name="Updated tasks can be read-1" time="0.01">
                      
                    </testcase><testcase classname="todo.TodoSuite" name="Deleted tasks are no longer read-1" time="0.011">
                      
                    </testcase><testcase classname="todo.TodoSuite" name="Tasks returns all inserted tasks in insertion order-1" time="0.013">
                      
                    </testcase><testcase classname="todo.TodoSuite" name="Tasks(tag) returns only tasks with given tag-1" time="0.017">
                      
                    </testcase><testcase classname="todo.TodoSuite" name="complete changes state to completed, if task is not already completed-1" time="0.025">
                      
                    </testcase><testcase classname="todo.TodoSuite" name="tags returns all tags-1" time="0.018">
                      
                    </testcase>
          <system-out><![CDATA[]]></system-out>
          <system-err><![CDATA[]]></system-err>
        </testsuite>