<?xml version='1.0' encoding='UTF-8'?>
<testsuite hostname="savely" name="fireworks.FireworksSuite" tests="12" errors="0" failures="0" skipped="0" time="0.676" timestamp="2022-01-04T14:11:22">
          <properties>
      <property name="jline.esc.timeout" value="0"/><property name="java.runtime.name" value="OpenJDK Runtime Environment"/><property name="coursier.main.arg-0" value="-Dsbt.supershell=false"/><property name="sun.boot.library.path" value="/nix/store/xvh4jixnzxxp0c4p6nszj0298qnkackf-openjdk-8u272-b10/lib/openjdk/jre/lib/amd64"/><property name="java.vm.version" value="25.272-b10"/><property name="jline.terminal" value="none"/><property name="java.vm.vendor" value="Oracle Corporation"/><property name="java.vendor.url" value="http://java.oracle.com/"/><property name="path.separator" value=":"/><property name="jna.loaded" value="true"/><property name="java.vm.name" value="OpenJDK 64-Bit Server VM"/><property name="file.encoding.pkg" value="sun.io"/><property name="user.country" value="US"/><property name="sun.java.launcher" value="SUN_STANDARD"/><property name="sun.os.patch.level" value="unknown"/><property name="jna.nosys" value="true"/><property name="java.vm.specification.name" value="Java Virtual Machine Specification"/><property name="user.dir" value="/home/savely/scala-miscellanea/fireworks"/><property name="java.runtime.version" value="1.8.0_272-b10"/><property name="java.awt.graphicsenv" value="sun.awt.X11GraphicsEnvironment"/><property name="java.endorsed.dirs" value="/nix/store/xvh4jixnzxxp0c4p6nszj0298qnkackf-openjdk-8u272-b10/lib/openjdk/jre/lib/endorsed"/><property name="os.arch" value="amd64"/><property name="java.io.tmpdir" value="/tmp"/><property name="line.separator" value="
"/><property name="java.vm.specification.vendor" value="Oracle Corporation"/><property name="log4j.ignoreTCL" value="true"/><property name="os.name" value="Linux"/><property name="sun.jnu.encoding" value="UTF-8"/><property name="jnidispatch.path" value="/home/savely/.cache/JNA/temp/jna5267163830935710461.tmp"/><property name="java.library.path" value="/usr/java/packages/lib/amd64:/usr/lib64:/lib64:/lib:/usr/lib"/><property name="java.specification.name" value="Java Platform API Specification"/><property name="java.class.version" value="52.0"/><property name="sun.management.compiler" value="HotSpot 64-Bit Tiered Compilers"/><property name="os.version" value="5.10.79"/><property name="coursier.mainJar" value="/home/savely/.local/share/coursier/bin/sbt"/><property name="swoval.tmpdir" value="/home/savely/.sbt/1.0"/><property name="user.home" value="/home/savely"/><property name="user.timezone" value="Europe/Moscow"/><property name="java.awt.printerjob" value="sun.print.PSPrinterJob"/><property name="file.encoding" value="UTF-8"/><property name="java.specification.version" value="1.8"/><property name="java.class.path" value="/home/savely/.local/share/coursier/bin/sbt:/home/savely/.cache/coursier/v1/https/repo1.maven.org/maven2/io/get-coursier/sbt/sbt-runner/0.2.0/sbt-runner-0.2.0.jar:/home/savely/.cache/coursier/v1/https/repo1.maven.org/maven2/org/scala-sbt/sbt-launch/1.6.1/sbt-launch-1.6.1.jar"/><property name="user.name" value="savely"/><property name="jline.shutdownhook" value="false"/><property name="java.vm.specification.version" value="1.8"/><property name="sun.java.command" value="/home/savely/.local/share/coursier/bin/sbt -Dsbt.supershell=false"/><property name="java.home" value="/nix/store/xvh4jixnzxxp0c4p6nszj0298qnkackf-openjdk-8u272-b10/lib/openjdk/jre"/><property name="sun.arch.data.model" value="64"/><property name="user.language" value="en"/><property name="java.specification.vendor" value="Oracle Corporation"/><property name="awt.toolkit" value="sun.awt.X11.XToolkit"/><property name="java.vm.info" value="mixed mode"/><property name="bootstrap.mainClass" value="xsbt.boot.Boot"/><property name="java.version" value="1.8.0_272"/><property name="sbt-launch.version" value="1.6.1"/><property name="java.ext.dirs" value="/nix/store/xvh4jixnzxxp0c4p6nszj0298qnkackf-openjdk-8u272-b10/lib/openjdk/jre/lib/ext:/usr/java/packages/lib/ext"/><property name="sun.boot.class.path" value="/nix/store/xvh4jixnzxxp0c4p6nszj0298qnkackf-openjdk-8u272-b10/lib/openjdk/jre/lib/resources.jar:/nix/store/xvh4jixnzxxp0c4p6nszj0298qnkackf-openjdk-8u272-b10/lib/openjdk/jre/lib/rt.jar:/nix/store/xvh4jixnzxxp0c4p6nszj0298qnkackf-openjdk-8u272-b10/lib/openjdk/jre/lib/sunrsasign.jar:/nix/store/xvh4jixnzxxp0c4p6nszj0298qnkackf-openjdk-8u272-b10/lib/openjdk/jre/lib/jsse.jar:/nix/store/xvh4jixnzxxp0c4p6nszj0298qnkackf-openjdk-8u272-b10/lib/openjdk/jre/lib/jce.jar:/nix/store/xvh4jixnzxxp0c4p6nszj0298qnkackf-openjdk-8u272-b10/lib/openjdk/jre/lib/charsets.jar:/nix/store/xvh4jixnzxxp0c4p6nszj0298qnkackf-openjdk-8u272-b10/lib/openjdk/jre/lib/jfr.jar:/nix/store/xvh4jixnzxxp0c4p6nszj0298qnkackf-openjdk-8u272-b10/lib/openjdk/jre/classes"/><property name="java.vendor" value="Oracle Corporation"/><property name="file.separator" value="/"/><property name="java.vendor.url.bug" value="http://bugreport.sun.com/bugreport/"/><property name="sbt.supershell" value="false"/><property name="sun.io.unicode.encoding" value="UnicodeLittle"/><property name="sun.cpu.endian" value="little"/><property name="sun.cpu.isalist" value=""/>
    </properties>
          <testcase classname="fireworks.FireworksSuite" name="'Firework.next' returns 'Done' when given 'Done' `" time="0.071">
                      
                    </testcase><testcase classname="fireworks.FireworksSuite" name="'Firework.next' returns 'Waiting' or 'Launched' when given 'Waiting'" time="0.207">
                      
                    </testcase><testcase classname="fireworks.FireworksSuite" name="'Firework.next' returns 'Launched' or 'Exploding' when given 'Launched'" time="0.035">
                      
                    </testcase><testcase classname="fireworks.FireworksSuite" name="'Firework.next' returns 'Exploding' or 'Done' when given 'Exploding'" time="0.108">
                      
                    </testcase><testcase classname="fireworks.FireworksSuite" name="Operation 'next' on class 'Waiting' should return the same 'Waiting' value with a decremented 'countDown' until it is zero or negative" time="0.033">
                      
                    </testcase><testcase classname="fireworks.FireworksSuite" name="Operation 'next' on class 'Waiting' should return a 'Launched' value if the 'countDown' is zero or negative" time="0.023">
                      
                    </testcase><testcase classname="fireworks.FireworksSuite" name="Operation 'next' on class 'Launched' should return a 'Launched' value with a decremented 'countDown' until it is zero or negative" time="0.022">
                      
                    </testcase><testcase classname="fireworks.FireworksSuite" name="Operation 'next' on class 'Launched' should return a 'Launched' value with an updated 'position' until the 'countDown' is zero or negative" time="0.016">
                      
                    </testcase><testcase classname="fireworks.FireworksSuite" name="Operation 'next' on class 'Launched' should return an 'Exploding' value if the 'countDown' is zero or negative" time="0.018">
                      
                    </testcase><testcase classname="fireworks.FireworksSuite" name="Operation 'next' on class 'Exploding' should return an 'Exploding' value with a decremented 'countDown' until it is zero or negative" time="0.102">
                      
                    </testcase><testcase classname="fireworks.FireworksSuite" name="Operation 'next' on class 'Exploding' should return a 'Done' value if the 'countDown' is zero or negative" time="0.036">
                      
                    </testcase><testcase classname="fireworks.FireworksSuite" name="Operation 'next' on class 'Particle' should return a 'Particle' value that has moved" time="0.005">
                      
                    </testcase>
          <system-out><![CDATA[]]></system-out>
          <system-err><![CDATA[]]></system-err>
        </testsuite>